<?xml version="1.0" encoding="UTF-8"?>
<!-- Generated by org.testng.reporters.JUnitReportReporter -->
<testsuite ignored="0" hostname="LAPTOP-LPPRLESQ" failures="0" tests="1" name="inventory.TC03_VerifyRemoveButton" time="0.493" errors="0" timestamp="22 feb 2024 16:38:45 GMT" skipped="0">
  <testcase classname="inventory.TC03_VerifyRemoveButton" name="TC03" time="0.493"/>
</testsuite> <!-- inventory.TC03_VerifyRemoveButton -->
