<?xml version="1.0" encoding="UTF-8"?>
<!-- Generated by org.testng.reporters.JUnitReportReporter -->
<testsuite ignored="0" hostname="LAPTOP-LPPRLESQ" failures="0" tests="1" name="e2eTestCases.TC04_CompleteAPurchase" time="1.072" errors="0" timestamp="22 feb 2024 17:27:03 GMT" skipped="0">
  <testcase classname="e2eTestCases.TC04_CompleteAPurchase" name="TC04" time="1.072"/>
</testsuite> <!-- e2eTestCases.TC04_CompleteAPurchase -->
