<?xml version="1.0" encoding="UTF-8"?>
<!-- Generated by org.testng.reporters.JUnitReportReporter -->
<testsuite ignored="0" hostname="LAPTOP-LPPRLESQ" failures="0" tests="1" name="loginTestCases.TC05_LoginExtData" time="0.428" errors="0" timestamp="24 feb 2024 14:38:46 GMT" skipped="0">
  <testcase classname="loginTestCases.TC05_LoginExtData" name="TC05" time="0.428"/>
</testsuite> <!-- loginTestCases.TC05_LoginExtData -->
