<?xml version="1.0" encoding="UTF-8"?>
<!-- Generated by org.testng.reporters.JUnitReportReporter -->
<testsuite ignored="0" hostname="LAPTOP-LPPRLESQ" failures="0" tests="1" name="prueba.HardAssertions" time="4.913" errors="0" timestamp="10 feb 2024 15:33:05 GMT" skipped="0">
  <testcase classname="prueba.HardAssertions" name="f" time="4.913"/>
</testsuite> <!-- prueba.HardAssertions -->
