<?xml version="1.0" encoding="UTF-8"?>
<!-- Generated by org.testng.reporters.JUnitReportReporter -->
<testsuite ignored="0" hostname="LAPTOP-LPPRLESQ" failures="0" tests="1" name="prueba.PruebaTest" time="6.501" errors="0" timestamp="20 ene 2024 15:27:34 GMT" skipped="0">
  <testcase classname="prueba.PruebaTest" name="f" time="6.501"/>
</testsuite> <!-- prueba.PruebaTest -->
