<?xml version="1.0" encoding="UTF-8"?>
<!-- Generated by org.testng.reporters.JUnitReportReporter -->
<testsuite ignored="0" hostname="LAPTOP-LPPRLESQ" failures="0" tests="1" name="loginTestCases.TC06_LoginExcelData" time="1.094" errors="0" timestamp="24 feb 2024 15:44:54 GMT" skipped="0">
  <testcase classname="loginTestCases.TC06_LoginExcelData" name="TC06" time="1.094"/>
</testsuite> <!-- loginTestCases.TC06_LoginExcelData -->
