<?xml version="1.0" encoding="UTF-8"?>
<!-- Generated by org.testng.reporters.JUnitReportReporter -->
<testsuite ignored="0" hostname="LAPTOP-LPPRLESQ" failures="0" tests="1" name="prueba.PruebaTest" time="9.627" errors="0" timestamp="10 feb 2024 14:01:22 GMT" skipped="0">
  <testcase classname="prueba.PruebaTest" name="f" time="9.627"/>
</testsuite> <!-- prueba.PruebaTest -->
