<?xml version="1.0" encoding="UTF-8"?>
<!-- Generated by org.testng.reporters.JUnitReportReporter -->
<testsuite ignored="0" hostname="LAPTOP-LPPRLESQ" failures="0" tests="1" name="inventory.TC03_VerifyRemoveButton" time="0.555" errors="0" timestamp="17 feb 2024 16:56:22 GMT" skipped="0">
  <testcase classname="inventory.TC03_VerifyRemoveButton" name="TC03" time="0.555"/>
</testsuite> <!-- inventory.TC03_VerifyRemoveButton -->
